

times in msec
 clock   self+sourced   self:  sourced script
 clock   elapsed:              other lines

000.007  000.007: --- NVIM STARTING ---
000.918  000.911: locale set
009.671  008.753: inits 1
009.694  000.023: window checked
009.701  000.007: parsing arguments
010.476  000.775: expanding arguments
010.553  000.077: inits 2
011.006  000.454: init highlight
011.008  000.002: waiting for UI
013.258  002.250: done waiting for UI
013.281  000.023: init screen for UI
026.745  008.461  008.461: sourcing /Users/melaneyzhu/.local/share/nvim/site/pack/packer/start/nightfox.nvim/colors/nordfox.vim
059.847  046.139  037.677: sourcing /Users/melaneyzhu/.config/nvim/init.lua
059.870  000.451: sourcing vimrc file(s)
066.349  006.336  006.336: sourcing /usr/local/Cellar/neovim/0.5.1/share/nvim/runtime/filetype.vim
066.924  000.047  000.047: sourcing /usr/local/Cellar/neovim/0.5.1/share/nvim/runtime/ftplugin.vim
067.508  000.044  000.044: sourcing /usr/local/Cellar/neovim/0.5.1/share/nvim/runtime/indent.vim
068.527  000.228  000.228: sourcing /usr/local/Cellar/neovim/0.5.1/share/nvim/runtime/syntax/syncolor.vim
069.091  000.943  000.715: sourcing /usr/local/Cellar/neovim/0.5.1/share/nvim/runtime/syntax/synload.vim
069.185  001.186  000.244: sourcing /usr/local/Cellar/neovim/0.5.1/share/nvim/runtime/syntax/syntax.vim
073.072  000.288  000.288: sourcing /usr/local/Cellar/neovim/0.5.1/share/nvim/runtime/plugin/gzip.vim
073.208  000.024  000.024: sourcing /usr/local/Cellar/neovim/0.5.1/share/nvim/runtime/plugin/health.vim
073.421  000.133  000.133: sourcing /usr/local/Cellar/neovim/0.5.1/share/nvim/runtime/plugin/man.vim
075.093  000.230  000.230: sourcing /usr/local/Cellar/neovim/0.5.1/share/nvim/runtime/pack/dist/opt/matchit/plugin/matchit.vim
075.339  001.823  001.592: sourcing /usr/local/Cellar/neovim/0.5.1/share/nvim/runtime/plugin/matchit.vim
075.595  000.172  000.172: sourcing /usr/local/Cellar/neovim/0.5.1/share/nvim/runtime/plugin/matchparen.vim
076.086  000.405  000.405: sourcing /usr/local/Cellar/neovim/0.5.1/share/nvim/runtime/plugin/netrwPlugin.vim
076.454  000.017  000.017: sourcing /Users/melaneyzhu/.local/share/nvim/rplugin.vim
076.464  000.274  000.257: sourcing /usr/local/Cellar/neovim/0.5.1/share/nvim/runtime/plugin/rplugin.vim
076.643  000.093  000.093: sourcing /usr/local/Cellar/neovim/0.5.1/share/nvim/runtime/plugin/shada.vim
076.786  000.038  000.038: sourcing /usr/local/Cellar/neovim/0.5.1/share/nvim/runtime/plugin/spellfile.vim
077.014  000.135  000.135: sourcing /usr/local/Cellar/neovim/0.5.1/share/nvim/runtime/plugin/tarPlugin.vim
077.295  000.185  000.185: sourcing /usr/local/Cellar/neovim/0.5.1/share/nvim/runtime/plugin/tohtml.vim
077.426  000.033  000.033: sourcing /usr/local/Cellar/neovim/0.5.1/share/nvim/runtime/plugin/tutor.vim
077.687  000.174  000.174: sourcing /usr/local/Cellar/neovim/0.5.1/share/nvim/runtime/plugin/zipPlugin.vim
080.684  002.594  002.594: sourcing /Users/melaneyzhu/.config/nvim/plugin/init.lua
090.265  007.999  007.999: sourcing /Users/melaneyzhu/.local/share/nvim/site/pack/packer/opt/nvim-lspconfig/plugin/lspconfig.vim
120.799  000.154  000.154: sourcing /Users/melaneyzhu/.local/share/nvim/site/pack/packer/opt/vim-dadbod-completion/plugin/vim_dadbod_completion.vim
121.837  000.223  000.223: sourcing /Users/melaneyzhu/.local/share/nvim/site/pack/packer/opt/lspsaga.nvim/plugin/lspsaga.vim
128.263  000.403  000.403: sourcing /Users/melaneyzhu/.local/share/nvim/site/pack/packer/opt/galaxyline.nvim/plugin/galaxyline.vim
131.320  000.027  000.027: sourcing /Users/melaneyzhu/.local/share/nvim/site/pack/packer/opt/ultisnips/ftdetect/snippets.vim
131.420  000.027  000.027: sourcing /Users/melaneyzhu/.local/share/nvim/site/pack/packer/opt/vimtex/ftdetect/cls.vim
131.514  000.024  000.024: sourcing /Users/melaneyzhu/.local/share/nvim/site/pack/packer/opt/vimtex/ftdetect/tex.vim
131.605  000.023  000.023: sourcing /Users/melaneyzhu/.local/share/nvim/site/pack/packer/opt/vimtex/ftdetect/tikz.vim
131.732  000.057  000.057: sourcing /Users/melaneyzhu/.local/share/nvim/site/pack/packer/opt/vim-pandoc/ftdetect/pandoc.vim
131.782  051.002  042.065: sourcing /Users/melaneyzhu/.config/nvim/plugin/packer_compiled.lua
132.517  007.663: loading plugins
133.231  000.033  000.033: sourcing /Users/melaneyzhu/.local/share/nvim/site/pack/packer/start/nightfox.nvim/plugin/nightfox.vim
134.483  000.779  000.779: sourcing /Users/melaneyzhu/.local/share/nvim/site/pack/packer/start/nvim-cmp/plugin/cmp.lua
134.808  000.059  000.059: sourcing /Users/melaneyzhu/.local/share/nvim/site/pack/packer/start/nvim-lspinstall/plugin/lspinstall.vim
135.219  000.038  000.038: sourcing /Users/melaneyzhu/.local/share/nvim/site/pack/packer/start/nvim-web-devicons/plugin/nvim-web-devicons.vim
135.740  000.044  000.044: sourcing /Users/melaneyzhu/.local/share/nvim/site/pack/packer/start/plenary.nvim/plugin/plenary.vim
136.265  002.796: loading packages
136.928  000.029  000.029: sourcing /Users/melaneyzhu/.local/share/nvim/site/pack/packer/opt/vim-dadbod-completion/after/plugin/vim_dadbod_completion.vim
138.390  000.814  000.814: sourcing /Users/melaneyzhu/.local/share/nvim/site/pack/packer/opt/cmp-path/after/plugin/cmp_path.lua
139.330  000.725  000.725: sourcing /Users/melaneyzhu/.local/share/nvim/site/pack/packer/opt/cmp-calc/after/plugin/cmp_calc.lua
140.397  000.864  000.864: sourcing /Users/melaneyzhu/.local/share/nvim/site/pack/packer/opt/cmp-buffer/after/plugin/cmp_buffer.lua
142.665  002.024  002.024: sourcing /Users/melaneyzhu/.local/share/nvim/site/pack/packer/opt/vim-dadbod-completion/after/plugin/vim_dadbod_completion.lua
143.621  000.745  000.745: sourcing /Users/melaneyzhu/.local/share/nvim/site/pack/packer/opt/cmp-nvim-lua/after/plugin/cmp_nvim_lua.lua
143.912  000.078  000.078: sourcing /Users/melaneyzhu/.local/share/nvim/site/pack/packer/start/cmp-nvim-lsp/after/plugin/cmp_nvim_lsp.lua
144.119  002.574: loading after plugins
144.132  000.013: inits 3
147.803  003.671: reading ShaDa
150.352  000.031  000.031: sourcing /Users/melaneyzhu/.local/share/nvim/site/pack/packer/opt/indent-blankline.nvim/autoload/indent_blankline.vim
150.822  002.069  002.038: sourcing /Users/melaneyzhu/.local/share/nvim/site/pack/packer/opt/indent-blankline.nvim/plugin/indent_blankline.vim
151.630  000.027  000.027: sourcing /Users/melaneyzhu/.local/share/nvim/site/pack/packer/opt/which-key.nvim/plugin/which-key.vim
154.971  005.073: opening buffers
155.722  000.184  000.184: sourcing /Users/melaneyzhu/.local/share/nvim/site/pack/packer/opt/dashboard-nvim/plugin/dashboard.vim
156.720  000.054  000.054: sourcing /Users/melaneyzhu/.local/share/nvim/site/pack/packer/opt/vim-matchup/autoload/matchup/unmatchit.vim
157.005  000.022  000.022: sourcing /usr/local/Cellar/neovim/0.5.1/share/nvim/runtime/plugin/matchparen.vim
157.379  000.230  000.230: sourcing /Users/melaneyzhu/.local/share/nvim/site/pack/packer/opt/vim-matchup/autoload/matchup.vim
157.602  000.105  000.105: sourcing /Users/melaneyzhu/.local/share/nvim/site/pack/packer/opt/vim-matchup/autoload/matchup/perf.vim
158.292  000.399  000.399: sourcing /Users/melaneyzhu/.local/share/nvim/site/pack/packer/opt/vim-matchup/autoload/matchup/loader.vim
158.959  000.492  000.492: sourcing /Users/melaneyzhu/.local/share/nvim/site/pack/packer/opt/vim-matchup/autoload/matchup/matchparen.vim
161.614  005.089  003.787: sourcing /Users/melaneyzhu/.local/share/nvim/site/pack/packer/opt/vim-matchup/plugin/matchup.vim
162.035  000.021  000.021: sourcing /Users/melaneyzhu/.local/share/nvim/site/pack/packer/opt/vim-matchup/after/plugin/matchit.vim
163.112  000.417  000.417: sourcing /usr/local/Cellar/neovim/0.5.1/share/nvim/runtime/scripts.vim
169.166  005.117  005.117: sourcing /Users/melaneyzhu/.local/share/nvim/site/pack/packer/opt/nvim-treesitter/plugin/nvim-treesitter.vim
169.781  000.041  000.041: sourcing /Users/melaneyzhu/.local/share/nvim/site/pack/packer/opt/nvim-treesitter/ftdetect/elixir.vim
169.879  000.032  000.032: sourcing /Users/melaneyzhu/.local/share/nvim/site/pack/packer/opt/nvim-treesitter/ftdetect/fish.vim
169.981  000.034  000.034: sourcing /Users/melaneyzhu/.local/share/nvim/site/pack/packer/opt/nvim-treesitter/ftdetect/gdresource.vim
170.099  000.028  000.028: sourcing /Users/melaneyzhu/.local/share/nvim/site/pack/packer/opt/nvim-treesitter/ftdetect/gdscript.vim
170.212  000.028  000.028: sourcing /Users/melaneyzhu/.local/share/nvim/site/pack/packer/opt/nvim-treesitter/ftdetect/gomod.vim
170.310  000.032  000.032: sourcing /Users/melaneyzhu/.local/share/nvim/site/pack/packer/opt/nvim-treesitter/ftdetect/graphql.vim
170.410  000.035  000.035: sourcing /Users/melaneyzhu/.local/share/nvim/site/pack/packer/opt/nvim-treesitter/ftdetect/hcl.vim
170.503  000.028  000.028: sourcing /Users/melaneyzhu/.local/share/nvim/site/pack/packer/opt/nvim-treesitter/ftdetect/heex.vim
170.599  000.031  000.031: sourcing /Users/melaneyzhu/.local/share/nvim/site/pack/packer/opt/nvim-treesitter/ftdetect/json5.vim
170.693  000.029  000.029: sourcing /Users/melaneyzhu/.local/share/nvim/site/pack/packer/opt/nvim-treesitter/ftdetect/julia.vim
170.794  000.036  000.036: sourcing /Users/melaneyzhu/.local/share/nvim/site/pack/packer/opt/nvim-treesitter/ftdetect/ledger.vim
170.889  000.030  000.030: sourcing /Users/melaneyzhu/.local/share/nvim/site/pack/packer/opt/nvim-treesitter/ftdetect/nix.vim
170.985  000.032  000.032: sourcing /Users/melaneyzhu/.local/share/nvim/site/pack/packer/opt/nvim-treesitter/ftdetect/ql.vim
171.089  000.040  000.040: sourcing /Users/melaneyzhu/.local/share/nvim/site/pack/packer/opt/nvim-treesitter/ftdetect/query.vim
171.193  000.032  000.032: sourcing /Users/melaneyzhu/.local/share/nvim/site/pack/packer/opt/nvim-treesitter/ftdetect/surface.vim
171.290  000.031  000.031: sourcing /Users/melaneyzhu/.local/share/nvim/site/pack/packer/opt/nvim-treesitter/ftdetect/teal.vim
171.388  000.033  000.033: sourcing /Users/melaneyzhu/.local/share/nvim/site/pack/packer/opt/nvim-treesitter/ftdetect/tlaplus.vim
171.486  000.032  000.032: sourcing /Users/melaneyzhu/.local/share/nvim/site/pack/packer/opt/nvim-treesitter/ftdetect/yang.vim
171.584  000.032  000.032: sourcing /Users/melaneyzhu/.local/share/nvim/site/pack/packer/opt/nvim-treesitter/ftdetect/zig.vim
175.261  000.359  000.359: sourcing /Users/melaneyzhu/.local/share/nvim/site/pack/packer/opt/vim-surround/plugin/surround.vim
177.541  000.823  000.823: sourcing /usr/local/Cellar/neovim/0.5.1/share/nvim/runtime/scripts.vim
178.988  000.282  000.282: sourcing /Users/melaneyzhu/.local/share/nvim/site/pack/packer/opt/dashboard-nvim/autoload/dashboard.vim
180.630  000.641  000.641: sourcing /usr/local/Cellar/neovim/0.5.1/share/nvim/runtime/scripts.vim
181.774  013.256: BufEnter autocommands
181.779  000.005: editing files in windows
