

times in msec
 clock   self+sourced   self:  sourced script
 clock   elapsed:              other lines

000.025  000.025: --- NVIM STARTING ---
001.184  001.158: locale set
011.435  010.252: inits 1
011.474  000.039: window checked
011.482  000.008: parsing arguments
011.854  000.372: expanding arguments
011.942  000.088: inits 2
012.416  000.474: init highlight
012.418  000.002: waiting for UI
016.212  003.795: done waiting for UI
016.285  000.073: init screen for UI
035.647  010.157  010.157: sourcing /Users/melaneyzhu/.local/share/nvim/site/pack/packer/start/nightfox.nvim/colors/nordfox.vim
071.468  054.540  044.383: sourcing /Users/melaneyzhu/.config/nvim/init.lua
071.497  000.671: sourcing vimrc file(s)
080.415  008.750  008.750: sourcing /usr/local/Cellar/neovim/0.5.1/share/nvim/runtime/filetype.vim
081.102  000.060  000.060: sourcing /usr/local/Cellar/neovim/0.5.1/share/nvim/runtime/ftplugin.vim
081.749  000.056  000.056: sourcing /usr/local/Cellar/neovim/0.5.1/share/nvim/runtime/indent.vim
082.980  000.232  000.232: sourcing /usr/local/Cellar/neovim/0.5.1/share/nvim/runtime/syntax/syncolor.vim
083.550  000.974  000.742: sourcing /usr/local/Cellar/neovim/0.5.1/share/nvim/runtime/syntax/synload.vim
083.667  001.267  000.293: sourcing /usr/local/Cellar/neovim/0.5.1/share/nvim/runtime/syntax/syntax.vim
087.860  000.291  000.291: sourcing /usr/local/Cellar/neovim/0.5.1/share/nvim/runtime/plugin/gzip.vim
087.990  000.025  000.025: sourcing /usr/local/Cellar/neovim/0.5.1/share/nvim/runtime/plugin/health.vim
088.170  000.092  000.092: sourcing /usr/local/Cellar/neovim/0.5.1/share/nvim/runtime/plugin/man.vim
090.045  000.245  000.245: sourcing /usr/local/Cellar/neovim/0.5.1/share/nvim/runtime/pack/dist/opt/matchit/plugin/matchit.vim
090.327  002.065  001.820: sourcing /usr/local/Cellar/neovim/0.5.1/share/nvim/runtime/plugin/matchit.vim
090.617  000.198  000.198: sourcing /usr/local/Cellar/neovim/0.5.1/share/nvim/runtime/plugin/matchparen.vim
091.187  000.474  000.474: sourcing /usr/local/Cellar/neovim/0.5.1/share/nvim/runtime/plugin/netrwPlugin.vim
091.621  000.020  000.020: sourcing /Users/melaneyzhu/.local/share/nvim/rplugin.vim
091.633  000.332  000.312: sourcing /usr/local/Cellar/neovim/0.5.1/share/nvim/runtime/plugin/rplugin.vim
091.864  000.132  000.132: sourcing /usr/local/Cellar/neovim/0.5.1/share/nvim/runtime/plugin/shada.vim
092.014  000.042  000.042: sourcing /usr/local/Cellar/neovim/0.5.1/share/nvim/runtime/plugin/spellfile.vim
092.305  000.188  000.188: sourcing /usr/local/Cellar/neovim/0.5.1/share/nvim/runtime/plugin/tarPlugin.vim
092.535  000.124  000.124: sourcing /usr/local/Cellar/neovim/0.5.1/share/nvim/runtime/plugin/tohtml.vim
092.674  000.037  000.037: sourcing /usr/local/Cellar/neovim/0.5.1/share/nvim/runtime/plugin/tutor.vim
093.001  000.227  000.227: sourcing /usr/local/Cellar/neovim/0.5.1/share/nvim/runtime/plugin/zipPlugin.vim
096.412  002.924  002.924: sourcing /Users/melaneyzhu/.config/nvim/plugin/init.lua
106.745  008.470  008.470: sourcing /Users/melaneyzhu/.local/share/nvim/site/pack/packer/opt/nvim-lspconfig/plugin/lspconfig.vim
140.626  000.244  000.244: sourcing /Users/melaneyzhu/.local/share/nvim/site/pack/packer/opt/lspsaga.nvim/plugin/lspsaga.vim
143.230  000.086  000.086: sourcing /Users/melaneyzhu/.local/share/nvim/site/pack/packer/opt/vim-dadbod-completion/plugin/vim_dadbod_completion.vim
146.559  000.457  000.457: sourcing /Users/melaneyzhu/.local/share/nvim/site/pack/packer/opt/galaxyline.nvim/plugin/galaxyline.vim
149.644  000.029  000.029: sourcing /Users/melaneyzhu/.local/share/nvim/site/pack/packer/opt/ultisnips/ftdetect/snippets.vim
149.795  000.067  000.067: sourcing /Users/melaneyzhu/.local/share/nvim/site/pack/packer/opt/vim-pandoc/ftdetect/pandoc.vim
149.898  000.028  000.028: sourcing /Users/melaneyzhu/.local/share/nvim/site/pack/packer/opt/vimtex/ftdetect/cls.vim
149.998  000.027  000.027: sourcing /Users/melaneyzhu/.local/share/nvim/site/pack/packer/opt/vimtex/ftdetect/tex.vim
150.124  000.027  000.027: sourcing /Users/melaneyzhu/.local/share/nvim/site/pack/packer/opt/vimtex/ftdetect/tikz.vim
150.169  053.655  044.219: sourcing /Users/melaneyzhu/.config/nvim/plugin/packer_compiled.lua
150.835  008.401: loading plugins
151.462  000.030  000.030: sourcing /Users/melaneyzhu/.local/share/nvim/site/pack/packer/start/nightfox.nvim/plugin/nightfox.vim
152.710  000.794  000.794: sourcing /Users/melaneyzhu/.local/share/nvim/site/pack/packer/start/nvim-cmp/plugin/cmp.lua
153.048  000.055  000.055: sourcing /Users/melaneyzhu/.local/share/nvim/site/pack/packer/start/nvim-lspinstall/plugin/lspinstall.vim
153.516  000.039  000.039: sourcing /Users/melaneyzhu/.local/share/nvim/site/pack/packer/start/nvim-web-devicons/plugin/nvim-web-devicons.vim
154.023  000.039  000.039: sourcing /Users/melaneyzhu/.local/share/nvim/site/pack/packer/start/plenary.nvim/plugin/plenary.vim
154.656  002.863: loading packages
155.027  000.026  000.026: sourcing /Users/melaneyzhu/.local/share/nvim/site/pack/packer/opt/vim-dadbod-completion/after/plugin/vim_dadbod_completion.vim
156.617  000.782  000.782: sourcing /Users/melaneyzhu/.local/share/nvim/site/pack/packer/opt/cmp-path/after/plugin/cmp_path.lua
158.833  001.896  001.896: sourcing /Users/melaneyzhu/.local/share/nvim/site/pack/packer/opt/vim-dadbod-completion/after/plugin/vim_dadbod_completion.lua
159.816  000.779  000.779: sourcing /Users/melaneyzhu/.local/share/nvim/site/pack/packer/opt/cmp-nvim-lua/after/plugin/cmp_nvim_lua.lua
160.854  000.768  000.768: sourcing /Users/melaneyzhu/.local/share/nvim/site/pack/packer/opt/cmp-calc/after/plugin/cmp_calc.lua
162.004  000.920  000.920: sourcing /Users/melaneyzhu/.local/share/nvim/site/pack/packer/opt/cmp-buffer/after/plugin/cmp_buffer.lua
162.302  000.092  000.092: sourcing /Users/melaneyzhu/.local/share/nvim/site/pack/packer/start/cmp-nvim-lsp/after/plugin/cmp_nvim_lsp.lua
162.641  002.721: loading after plugins
162.655  000.015: inits 3
166.538  003.882: reading ShaDa
169.019  000.033  000.033: sourcing /Users/melaneyzhu/.local/share/nvim/site/pack/packer/opt/indent-blankline.nvim/autoload/indent_blankline.vim
169.580  002.128  002.095: sourcing /Users/melaneyzhu/.local/share/nvim/site/pack/packer/opt/indent-blankline.nvim/plugin/indent_blankline.vim
170.349  000.025  000.025: sourcing /Users/melaneyzhu/.local/share/nvim/site/pack/packer/opt/which-key.nvim/plugin/which-key.vim
173.372  004.680: opening buffers
174.176  000.062  000.062: sourcing /Users/melaneyzhu/.local/share/nvim/site/pack/packer/opt/vim-matchup/autoload/matchup/unmatchit.vim
174.476  000.024  000.024: sourcing /usr/local/Cellar/neovim/0.5.1/share/nvim/runtime/plugin/matchparen.vim
174.895  000.245  000.245: sourcing /Users/melaneyzhu/.local/share/nvim/site/pack/packer/opt/vim-matchup/autoload/matchup.vim
175.146  000.139  000.139: sourcing /Users/melaneyzhu/.local/share/nvim/site/pack/packer/opt/vim-matchup/autoload/matchup/perf.vim
175.844  000.368  000.368: sourcing /Users/melaneyzhu/.local/share/nvim/site/pack/packer/opt/vim-matchup/autoload/matchup/loader.vim
176.645  000.590  000.590: sourcing /Users/melaneyzhu/.local/share/nvim/site/pack/packer/opt/vim-matchup/autoload/matchup/matchparen.vim
179.545  005.580  004.152: sourcing /Users/melaneyzhu/.local/share/nvim/site/pack/packer/opt/vim-matchup/plugin/matchup.vim
179.894  000.021  000.021: sourcing /Users/melaneyzhu/.local/share/nvim/site/pack/packer/opt/vim-matchup/after/plugin/matchit.vim
180.597  000.246  000.246: sourcing /Users/melaneyzhu/.local/share/nvim/site/pack/packer/opt/dashboard-nvim/plugin/dashboard.vim
182.223  000.456  000.456: sourcing /usr/local/Cellar/neovim/0.5.1/share/nvim/runtime/scripts.vim
183.581  000.427  000.427: sourcing /Users/melaneyzhu/.local/share/nvim/site/pack/packer/opt/vim-surround/plugin/surround.vim
184.532  000.049  000.049: sourcing /Users/melaneyzhu/.local/share/nvim/site/pack/packer/opt/wildfire.vim/autoload/wildfire/triggers.vim
184.739  000.465  000.416: sourcing /Users/melaneyzhu/.local/share/nvim/site/pack/packer/opt/wildfire.vim/plugin/wildfire.vim
192.826  005.403  005.403: sourcing /Users/melaneyzhu/.local/share/nvim/site/pack/packer/opt/nvim-treesitter/plugin/nvim-treesitter.vim
193.515  000.046  000.046: sourcing /Users/melaneyzhu/.local/share/nvim/site/pack/packer/opt/nvim-treesitter/ftdetect/elixir.vim
193.618  000.033  000.033: sourcing /Users/melaneyzhu/.local/share/nvim/site/pack/packer/opt/nvim-treesitter/ftdetect/fish.vim
193.725  000.034  000.034: sourcing /Users/melaneyzhu/.local/share/nvim/site/pack/packer/opt/nvim-treesitter/ftdetect/gdresource.vim
193.822  000.028  000.028: sourcing /Users/melaneyzhu/.local/share/nvim/site/pack/packer/opt/nvim-treesitter/ftdetect/gdscript.vim
193.918  000.031  000.031: sourcing /Users/melaneyzhu/.local/share/nvim/site/pack/packer/opt/nvim-treesitter/ftdetect/gomod.vim
194.021  000.036  000.036: sourcing /Users/melaneyzhu/.local/share/nvim/site/pack/packer/opt/nvim-treesitter/ftdetect/graphql.vim
194.125  000.037  000.037: sourcing /Users/melaneyzhu/.local/share/nvim/site/pack/packer/opt/nvim-treesitter/ftdetect/hcl.vim
194.229  000.030  000.030: sourcing /Users/melaneyzhu/.local/share/nvim/site/pack/packer/opt/nvim-treesitter/ftdetect/heex.vim
194.347  000.034  000.034: sourcing /Users/melaneyzhu/.local/share/nvim/site/pack/packer/opt/nvim-treesitter/ftdetect/json5.vim
194.444  000.030  000.030: sourcing /Users/melaneyzhu/.local/share/nvim/site/pack/packer/opt/nvim-treesitter/ftdetect/julia.vim
194.548  000.037  000.037: sourcing /Users/melaneyzhu/.local/share/nvim/site/pack/packer/opt/nvim-treesitter/ftdetect/ledger.vim
194.647  000.034  000.034: sourcing /Users/melaneyzhu/.local/share/nvim/site/pack/packer/opt/nvim-treesitter/ftdetect/nix.vim
194.752  000.034  000.034: sourcing /Users/melaneyzhu/.local/share/nvim/site/pack/packer/opt/nvim-treesitter/ftdetect/ql.vim
194.861  000.044  000.044: sourcing /Users/melaneyzhu/.local/share/nvim/site/pack/packer/opt/nvim-treesitter/ftdetect/query.vim
194.961  000.033  000.033: sourcing /Users/melaneyzhu/.local/share/nvim/site/pack/packer/opt/nvim-treesitter/ftdetect/surface.vim
195.060  000.034  000.034: sourcing /Users/melaneyzhu/.local/share/nvim/site/pack/packer/opt/nvim-treesitter/ftdetect/teal.vim
195.160  000.036  000.036: sourcing /Users/melaneyzhu/.local/share/nvim/site/pack/packer/opt/nvim-treesitter/ftdetect/tlaplus.vim
195.260  000.034  000.034: sourcing /Users/melaneyzhu/.local/share/nvim/site/pack/packer/opt/nvim-treesitter/ftdetect/yang.vim
195.367  000.037  000.037: sourcing /Users/melaneyzhu/.local/share/nvim/site/pack/packer/opt/nvim-treesitter/ftdetect/zig.vim
197.341  000.464  000.464: sourcing /usr/local/Cellar/neovim/0.5.1/share/nvim/runtime/scripts.vim
198.078  000.162  000.162: sourcing /Users/melaneyzhu/.local/share/nvim/site/pack/packer/opt/dashboard-nvim/autoload/dashboard.vim
199.121  000.435  000.435: sourcing /usr/local/Cellar/neovim/0.5.1/share/nvim/runtime/scripts.vim
199.936  012.243: BufEnter autocommands
199.939  000.003: editing files in windows


times in msec
 clock   self+sourced   self:  sourced script
 clock   elapsed:              other lines

000.012  000.012: --- NVIM STARTING ---
001.152  001.141: locale set
009.756  008.604: inits 1
009.798  000.042: window checked
009.806  000.008: parsing arguments
010.285  000.479: expanding arguments
010.386  000.101: inits 2
010.859  000.473: init highlight
010.861  000.002: waiting for UI
013.981  003.120: done waiting for UI
014.023  000.042: init screen for UI
029.697  008.987  008.987: sourcing /Users/melaneyzhu/.local/share/nvim/site/pack/packer/start/nightfox.nvim/colors/nordfox.vim
064.209  049.543  040.556: sourcing /Users/melaneyzhu/.config/nvim/init.lua
064.234  000.668: sourcing vimrc file(s)
071.938  007.555  007.555: sourcing /usr/local/Cellar/neovim/0.5.1/share/nvim/runtime/filetype.vim
072.562  000.056  000.056: sourcing /usr/local/Cellar/neovim/0.5.1/share/nvim/runtime/ftplugin.vim
073.159  000.048  000.048: sourcing /usr/local/Cellar/neovim/0.5.1/share/nvim/runtime/indent.vim
074.228  000.207  000.207: sourcing /usr/local/Cellar/neovim/0.5.1/share/nvim/runtime/syntax/syncolor.vim
074.760  000.898  000.691: sourcing /usr/local/Cellar/neovim/0.5.1/share/nvim/runtime/syntax/synload.vim
074.867  001.169  000.271: sourcing /usr/local/Cellar/neovim/0.5.1/share/nvim/runtime/syntax/syntax.vim
079.152  000.372  000.372: sourcing /usr/local/Cellar/neovim/0.5.1/share/nvim/runtime/plugin/gzip.vim
079.287  000.024  000.024: sourcing /usr/local/Cellar/neovim/0.5.1/share/nvim/runtime/plugin/health.vim
079.495  000.122  000.122: sourcing /usr/local/Cellar/neovim/0.5.1/share/nvim/runtime/plugin/man.vim
081.307  000.231  000.231: sourcing /usr/local/Cellar/neovim/0.5.1/share/nvim/runtime/pack/dist/opt/matchit/plugin/matchit.vim
081.568  001.985  001.754: sourcing /usr/local/Cellar/neovim/0.5.1/share/nvim/runtime/plugin/matchit.vim
081.855  000.195  000.195: sourcing /usr/local/Cellar/neovim/0.5.1/share/nvim/runtime/plugin/matchparen.vim
082.405  000.456  000.456: sourcing /usr/local/Cellar/neovim/0.5.1/share/nvim/runtime/plugin/netrwPlugin.vim
082.834  000.019  000.019: sourcing /Users/melaneyzhu/.local/share/nvim/rplugin.vim
082.845  000.327  000.308: sourcing /usr/local/Cellar/neovim/0.5.1/share/nvim/runtime/plugin/rplugin.vim
083.069  000.128  000.128: sourcing /usr/local/Cellar/neovim/0.5.1/share/nvim/runtime/plugin/shada.vim
083.217  000.041  000.041: sourcing /usr/local/Cellar/neovim/0.5.1/share/nvim/runtime/plugin/spellfile.vim
083.503  000.184  000.184: sourcing /usr/local/Cellar/neovim/0.5.1/share/nvim/runtime/plugin/tarPlugin.vim
083.717  000.112  000.112: sourcing /usr/local/Cellar/neovim/0.5.1/share/nvim/runtime/plugin/tohtml.vim
083.854  000.034  000.034: sourcing /usr/local/Cellar/neovim/0.5.1/share/nvim/runtime/plugin/tutor.vim
084.158  000.214  000.214: sourcing /usr/local/Cellar/neovim/0.5.1/share/nvim/runtime/plugin/zipPlugin.vim
087.503  002.844  002.844: sourcing /Users/melaneyzhu/.config/nvim/plugin/init.lua
097.786  008.455  008.455: sourcing /Users/melaneyzhu/.local/share/nvim/site/pack/packer/opt/nvim-lspconfig/plugin/lspconfig.vim
130.564  000.279  000.279: sourcing /Users/melaneyzhu/.local/share/nvim/site/pack/packer/opt/lspsaga.nvim/plugin/lspsaga.vim
135.724  000.123  000.123: sourcing /Users/melaneyzhu/.local/share/nvim/site/pack/packer/opt/vim-dadbod-completion/plugin/vim_dadbod_completion.vim
141.352  000.918  000.918: sourcing /Users/melaneyzhu/.local/share/nvim/site/pack/packer/opt/galaxyline.nvim/plugin/galaxyline.vim
146.287  000.047  000.047: sourcing /Users/melaneyzhu/.local/share/nvim/site/pack/packer/opt/ultisnips/ftdetect/snippets.vim
146.530  000.110  000.110: sourcing /Users/melaneyzhu/.local/share/nvim/site/pack/packer/opt/vim-pandoc/ftdetect/pandoc.vim
146.692  000.041  000.041: sourcing /Users/melaneyzhu/.local/share/nvim/site/pack/packer/opt/vimtex/ftdetect/cls.vim
146.852  000.043  000.043: sourcing /Users/melaneyzhu/.local/share/nvim/site/pack/packer/opt/vimtex/ftdetect/tex.vim
147.094  000.044  000.044: sourcing /Users/melaneyzhu/.local/share/nvim/site/pack/packer/opt/vimtex/ftdetect/tikz.vim
147.162  059.557  049.498: sourcing /Users/melaneyzhu/.config/nvim/plugin/packer_compiled.lua
148.108  008.451: loading plugins
148.939  000.038  000.038: sourcing /Users/melaneyzhu/.local/share/nvim/site/pack/packer/start/nightfox.nvim/plugin/nightfox.vim
150.523  001.012  001.012: sourcing /Users/melaneyzhu/.local/share/nvim/site/pack/packer/start/nvim-cmp/plugin/cmp.lua
150.951  000.071  000.071: sourcing /Users/melaneyzhu/.local/share/nvim/site/pack/packer/start/nvim-lspinstall/plugin/lspinstall.vim
151.473  000.052  000.052: sourcing /Users/melaneyzhu/.local/share/nvim/site/pack/packer/start/nvim-web-devicons/plugin/nvim-web-devicons.vim
152.124  000.050  000.050: sourcing /Users/melaneyzhu/.local/share/nvim/site/pack/packer/start/plenary.nvim/plugin/plenary.vim
152.928  003.597: loading packages
153.427  000.030  000.030: sourcing /Users/melaneyzhu/.local/share/nvim/site/pack/packer/opt/vim-dadbod-completion/after/plugin/vim_dadbod_completion.vim
155.294  000.935  000.935: sourcing /Users/melaneyzhu/.local/share/nvim/site/pack/packer/opt/cmp-path/after/plugin/cmp_path.lua
157.863  002.273  002.273: sourcing /Users/melaneyzhu/.local/share/nvim/site/pack/packer/opt/vim-dadbod-completion/after/plugin/vim_dadbod_completion.lua
159.015  000.919  000.919: sourcing /Users/melaneyzhu/.local/share/nvim/site/pack/packer/opt/cmp-nvim-lua/after/plugin/cmp_nvim_lua.lua
160.151  000.897  000.897: sourcing /Users/melaneyzhu/.local/share/nvim/site/pack/packer/opt/cmp-calc/after/plugin/cmp_calc.lua
161.514  001.101  001.101: sourcing /Users/melaneyzhu/.local/share/nvim/site/pack/packer/opt/cmp-buffer/after/plugin/cmp_buffer.lua
161.865  000.106  000.106: sourcing /Users/melaneyzhu/.local/share/nvim/site/pack/packer/start/cmp-nvim-lsp/after/plugin/cmp_nvim_lsp.lua
162.150  002.960: loading after plugins
162.165  000.015: inits 3
166.733  004.568: reading ShaDa
169.433  000.032  000.032: sourcing /Users/melaneyzhu/.local/share/nvim/site/pack/packer/opt/indent-blankline.nvim/autoload/indent_blankline.vim
169.825  002.149  002.117: sourcing /Users/melaneyzhu/.local/share/nvim/site/pack/packer/opt/indent-blankline.nvim/plugin/indent_blankline.vim
170.810  000.025  000.025: sourcing /Users/melaneyzhu/.local/share/nvim/site/pack/packer/opt/which-key.nvim/plugin/which-key.vim
173.875  004.967: opening buffers
174.612  000.059  000.059: sourcing /Users/melaneyzhu/.local/share/nvim/site/pack/packer/opt/vim-matchup/autoload/matchup/unmatchit.vim
174.906  000.024  000.024: sourcing /usr/local/Cellar/neovim/0.5.1/share/nvim/runtime/plugin/matchparen.vim
175.326  000.244  000.244: sourcing /Users/melaneyzhu/.local/share/nvim/site/pack/packer/opt/vim-matchup/autoload/matchup.vim
175.575  000.138  000.138: sourcing /Users/melaneyzhu/.local/share/nvim/site/pack/packer/opt/vim-matchup/autoload/matchup/perf.vim
176.266  000.364  000.364: sourcing /Users/melaneyzhu/.local/share/nvim/site/pack/packer/opt/vim-matchup/autoload/matchup/loader.vim
177.109  000.634  000.634: sourcing /Users/melaneyzhu/.local/share/nvim/site/pack/packer/opt/vim-matchup/autoload/matchup/matchparen.vim
179.914  005.508  004.046: sourcing /Users/melaneyzhu/.local/share/nvim/site/pack/packer/opt/vim-matchup/plugin/matchup.vim
180.257  000.021  000.021: sourcing /Users/melaneyzhu/.local/share/nvim/site/pack/packer/opt/vim-matchup/after/plugin/matchit.vim
180.940  000.241  000.241: sourcing /Users/melaneyzhu/.local/share/nvim/site/pack/packer/opt/dashboard-nvim/plugin/dashboard.vim
182.426  000.445  000.445: sourcing /usr/local/Cellar/neovim/0.5.1/share/nvim/runtime/scripts.vim
183.807  000.418  000.418: sourcing /Users/melaneyzhu/.local/share/nvim/site/pack/packer/opt/vim-surround/plugin/surround.vim
184.729  000.042  000.042: sourcing /Users/melaneyzhu/.local/share/nvim/site/pack/packer/opt/wildfire.vim/autoload/wildfire/triggers.vim
184.924  000.438  000.396: sourcing /Users/melaneyzhu/.local/share/nvim/site/pack/packer/opt/wildfire.vim/plugin/wildfire.vim
192.511  005.057  005.057: sourcing /Users/melaneyzhu/.local/share/nvim/site/pack/packer/opt/nvim-treesitter/plugin/nvim-treesitter.vim
193.094  000.044  000.044: sourcing /Users/melaneyzhu/.local/share/nvim/site/pack/packer/opt/nvim-treesitter/ftdetect/elixir.vim
193.197  000.032  000.032: sourcing /Users/melaneyzhu/.local/share/nvim/site/pack/packer/opt/nvim-treesitter/ftdetect/fish.vim
193.299  000.033  000.033: sourcing /Users/melaneyzhu/.local/share/nvim/site/pack/packer/opt/nvim-treesitter/ftdetect/gdresource.vim
193.390  000.028  000.028: sourcing /Users/melaneyzhu/.local/share/nvim/site/pack/packer/opt/nvim-treesitter/ftdetect/gdscript.vim
193.483  000.030  000.030: sourcing /Users/melaneyzhu/.local/share/nvim/site/pack/packer/opt/nvim-treesitter/ftdetect/gomod.vim
193.586  000.035  000.035: sourcing /Users/melaneyzhu/.local/share/nvim/site/pack/packer/opt/nvim-treesitter/ftdetect/graphql.vim
193.688  000.036  000.036: sourcing /Users/melaneyzhu/.local/share/nvim/site/pack/packer/opt/nvim-treesitter/ftdetect/hcl.vim
193.782  000.029  000.029: sourcing /Users/melaneyzhu/.local/share/nvim/site/pack/packer/opt/nvim-treesitter/ftdetect/heex.vim
193.896  000.033  000.033: sourcing /Users/melaneyzhu/.local/share/nvim/site/pack/packer/opt/nvim-treesitter/ftdetect/json5.vim
194.110  000.062  000.062: sourcing /Users/melaneyzhu/.local/share/nvim/site/pack/packer/opt/nvim-treesitter/ftdetect/julia.vim
194.211  000.037  000.037: sourcing /Users/melaneyzhu/.local/share/nvim/site/pack/packer/opt/nvim-treesitter/ftdetect/ledger.vim
194.307  000.031  000.031: sourcing /Users/melaneyzhu/.local/share/nvim/site/pack/packer/opt/nvim-treesitter/ftdetect/nix.vim
194.412  000.035  000.035: sourcing /Users/melaneyzhu/.local/share/nvim/site/pack/packer/opt/nvim-treesitter/ftdetect/ql.vim
194.516  000.040  000.040: sourcing /Users/melaneyzhu/.local/share/nvim/site/pack/packer/opt/nvim-treesitter/ftdetect/query.vim
194.620  000.038  000.038: sourcing /Users/melaneyzhu/.local/share/nvim/site/pack/packer/opt/nvim-treesitter/ftdetect/surface.vim
194.718  000.032  000.032: sourcing /Users/melaneyzhu/.local/share/nvim/site/pack/packer/opt/nvim-treesitter/ftdetect/teal.vim
194.817  000.034  000.034: sourcing /Users/melaneyzhu/.local/share/nvim/site/pack/packer/opt/nvim-treesitter/ftdetect/tlaplus.vim
194.914  000.033  000.033: sourcing /Users/melaneyzhu/.local/share/nvim/site/pack/packer/opt/nvim-treesitter/ftdetect/yang.vim
195.017  000.034  000.034: sourcing /Users/melaneyzhu/.local/share/nvim/site/pack/packer/opt/nvim-treesitter/ftdetect/zig.vim
196.894  000.447  000.447: sourcing /usr/local/Cellar/neovim/0.5.1/share/nvim/runtime/scripts.vim
197.616  000.157  000.157: sourcing /Users/melaneyzhu/.local/share/nvim/site/pack/packer/opt/dashboard-nvim/autoload/dashboard.vim
198.642  000.419  000.419: sourcing /usr/local/Cellar/neovim/0.5.1/share/nvim/runtime/scripts.vim
199.374  011.671: BufEnter autocommands
199.376  000.003: editing files in windows


times in msec
 clock   self+sourced   self:  sourced script
 clock   elapsed:              other lines

000.006  000.006: --- NVIM STARTING ---
000.886  000.880: locale set
009.889  009.003: inits 1
009.920  000.031: window checked
009.925  000.005: parsing arguments
010.193  000.268: expanding arguments
010.264  000.071: inits 2
010.717  000.452: init highlight
010.718  000.002: waiting for UI
012.954  002.235: done waiting for UI
012.972  000.019: init screen for UI
026.754  007.784  007.784: sourcing /Users/melaneyzhu/.local/share/nvim/site/pack/packer/start/nightfox.nvim/colors/nordfox.vim
060.361  046.934  039.150: sourcing /Users/melaneyzhu/.config/nvim/init.lua
060.384  000.477: sourcing vimrc file(s)
066.913  006.387  006.387: sourcing /usr/local/Cellar/neovim/0.5.1_1/share/nvim/runtime/filetype.vim
067.497  000.046  000.046: sourcing /usr/local/Cellar/neovim/0.5.1_1/share/nvim/runtime/ftplugin.vim
068.067  000.042  000.042: sourcing /usr/local/Cellar/neovim/0.5.1_1/share/nvim/runtime/indent.vim
069.062  000.200  000.200: sourcing /usr/local/Cellar/neovim/0.5.1_1/share/nvim/runtime/syntax/syncolor.vim
069.719  001.014  000.814: sourcing /usr/local/Cellar/neovim/0.5.1_1/share/nvim/runtime/syntax/synload.vim
069.840  001.290  000.276: sourcing /usr/local/Cellar/neovim/0.5.1_1/share/nvim/runtime/syntax/syntax.vim
074.323  000.227  000.227: sourcing /usr/local/Cellar/neovim/0.5.1_1/share/nvim/runtime/plugin/gzip.vim
074.437  000.022  000.022: sourcing /usr/local/Cellar/neovim/0.5.1_1/share/nvim/runtime/plugin/health.vim
074.582  000.063  000.063: sourcing /usr/local/Cellar/neovim/0.5.1_1/share/nvim/runtime/plugin/man.vim
076.257  000.217  000.217: sourcing /usr/local/Cellar/neovim/0.5.1_1/share/nvim/runtime/pack/dist/opt/matchit/plugin/matchit.vim
076.496  001.831  001.614: sourcing /usr/local/Cellar/neovim/0.5.1_1/share/nvim/runtime/plugin/matchit.vim
076.763  000.184  000.184: sourcing /usr/local/Cellar/neovim/0.5.1_1/share/nvim/runtime/plugin/matchparen.vim
077.229  000.374  000.374: sourcing /usr/local/Cellar/neovim/0.5.1_1/share/nvim/runtime/plugin/netrwPlugin.vim
077.583  000.017  000.017: sourcing /Users/melaneyzhu/.local/share/nvim/rplugin.vim
077.592  000.263  000.246: sourcing /usr/local/Cellar/neovim/0.5.1_1/share/nvim/runtime/plugin/rplugin.vim
077.774  000.090  000.090: sourcing /usr/local/Cellar/neovim/0.5.1_1/share/nvim/runtime/plugin/shada.vim
077.900  000.036  000.036: sourcing /usr/local/Cellar/neovim/0.5.1_1/share/nvim/runtime/plugin/spellfile.vim
078.129  000.127  000.127: sourcing /usr/local/Cellar/neovim/0.5.1_1/share/nvim/runtime/plugin/tarPlugin.vim
078.315  000.093  000.093: sourcing /usr/local/Cellar/neovim/0.5.1_1/share/nvim/runtime/plugin/tohtml.vim
078.432  000.031  000.031: sourcing /usr/local/Cellar/neovim/0.5.1_1/share/nvim/runtime/plugin/tutor.vim
078.686  000.168  000.168: sourcing /usr/local/Cellar/neovim/0.5.1_1/share/nvim/runtime/plugin/zipPlugin.vim
081.582  002.436  002.436: sourcing /Users/melaneyzhu/.config/nvim/plugin/init.lua
090.881  007.778  007.778: sourcing /Users/melaneyzhu/.local/share/nvim/site/pack/packer/opt/nvim-lspconfig/plugin/lspconfig.vim
116.939  000.307  000.307: sourcing /Users/melaneyzhu/.local/share/nvim/site/pack/packer/opt/galaxyline.nvim/plugin/galaxyline.vim
119.632  000.033  000.033: sourcing /Users/melaneyzhu/.local/share/nvim/site/pack/packer/opt/ultisnips/ftdetect/snippets.vim
119.792  000.066  000.066: sourcing /Users/melaneyzhu/.local/share/nvim/site/pack/packer/opt/vim-pandoc/ftdetect/pandoc.vim
119.910  000.027  000.027: sourcing /Users/melaneyzhu/.local/share/nvim/site/pack/packer/opt/vimtex/ftdetect/cls.vim
120.033  000.028  000.028: sourcing /Users/melaneyzhu/.local/share/nvim/site/pack/packer/opt/vimtex/ftdetect/tex.vim
120.139  000.027  000.027: sourcing /Users/melaneyzhu/.local/share/nvim/site/pack/packer/opt/vimtex/ftdetect/tikz.vim
120.147  038.478  030.212: sourcing /Users/melaneyzhu/.config/nvim/plugin/packer_compiled.lua
120.935  008.364: loading plugins
121.714  000.029  000.029: sourcing /Users/melaneyzhu/.local/share/nvim/site/pack/packer/start/nightfox.nvim/plugin/nightfox.vim
124.447  000.801  000.801: sourcing /Users/melaneyzhu/.local/share/nvim/site/pack/packer/start/nvim-cmp/plugin/cmp.lua
124.825  000.060  000.060: sourcing /Users/melaneyzhu/.local/share/nvim/site/pack/packer/start/nvim-lspinstall/plugin/lspinstall.vim
125.293  000.047  000.047: sourcing /Users/melaneyzhu/.local/share/nvim/site/pack/packer/start/nvim-web-devicons/plugin/nvim-web-devicons.vim
126.682  000.106  000.106: sourcing /Users/melaneyzhu/.local/share/nvim/site/pack/packer/start/plenary.nvim/plugin/plenary.vim
127.693  005.715: loading packages
128.771  000.142  000.142: sourcing /Users/melaneyzhu/.local/share/nvim/site/pack/packer/start/cmp-nvim-lsp/after/plugin/cmp_nvim_lsp.lua
129.123  001.287: loading after plugins
129.147  000.024: inits 3
133.481  004.334: reading ShaDa
134.948  000.037  000.037: sourcing /Users/melaneyzhu/.local/share/nvim/site/pack/packer/opt/indent-blankline.nvim/autoload/indent_blankline.vim
135.507  001.233  001.195: sourcing /Users/melaneyzhu/.local/share/nvim/site/pack/packer/opt/indent-blankline.nvim/plugin/indent_blankline.vim
136.564  000.033  000.033: sourcing /Users/melaneyzhu/.local/share/nvim/site/pack/packer/opt/which-key.nvim/plugin/which-key.vim
138.807  004.060: opening buffers
139.634  000.212  000.212: sourcing /Users/melaneyzhu/.local/share/nvim/site/pack/packer/opt/dashboard-nvim/plugin/dashboard.vim
140.829  000.142  000.142: sourcing /Users/melaneyzhu/.local/share/nvim/site/pack/packer/opt/vim-matchup/autoload/matchup/unmatchit.vim
141.140  000.026  000.026: sourcing /usr/local/Cellar/neovim/0.5.1_1/share/nvim/runtime/plugin/matchparen.vim
141.567  000.251  000.251: sourcing /Users/melaneyzhu/.local/share/nvim/site/pack/packer/opt/vim-matchup/autoload/matchup.vim
141.820  000.121  000.121: sourcing /Users/melaneyzhu/.local/share/nvim/site/pack/packer/opt/vim-matchup/autoload/matchup/perf.vim
142.556  000.398  000.398: sourcing /Users/melaneyzhu/.local/share/nvim/site/pack/packer/opt/vim-matchup/autoload/matchup/loader.vim
143.349  000.581  000.581: sourcing /Users/melaneyzhu/.local/share/nvim/site/pack/packer/opt/vim-matchup/autoload/matchup/matchparen.vim
145.433  004.903  003.383: sourcing /Users/melaneyzhu/.local/share/nvim/site/pack/packer/opt/vim-matchup/plugin/matchup.vim
145.833  000.022  000.022: sourcing /Users/melaneyzhu/.local/share/nvim/site/pack/packer/opt/vim-matchup/after/plugin/matchit.vim
147.211  000.510  000.510: sourcing /usr/local/Cellar/neovim/0.5.1_1/share/nvim/runtime/scripts.vim
148.900  000.618  000.618: sourcing /Users/melaneyzhu/.local/share/nvim/site/pack/packer/opt/nvim-treesitter/plugin/nvim-treesitter.vim
149.527  000.046  000.046: sourcing /Users/melaneyzhu/.local/share/nvim/site/pack/packer/opt/nvim-treesitter/ftdetect/elixir.vim
149.637  000.033  000.033: sourcing /Users/melaneyzhu/.local/share/nvim/site/pack/packer/opt/nvim-treesitter/ftdetect/fish.vim
149.747  000.032  000.032: sourcing /Users/melaneyzhu/.local/share/nvim/site/pack/packer/opt/nvim-treesitter/ftdetect/gdresource.vim
149.848  000.028  000.028: sourcing /Users/melaneyzhu/.local/share/nvim/site/pack/packer/opt/nvim-treesitter/ftdetect/gdscript.vim
149.965  000.031  000.031: sourcing /Users/melaneyzhu/.local/share/nvim/site/pack/packer/opt/nvim-treesitter/ftdetect/gomod.vim
150.070  000.033  000.033: sourcing /Users/melaneyzhu/.local/share/nvim/site/pack/packer/opt/nvim-treesitter/ftdetect/graphql.vim
150.181  000.037  000.037: sourcing /Users/melaneyzhu/.local/share/nvim/site/pack/packer/opt/nvim-treesitter/ftdetect/hcl.vim
150.287  000.029  000.029: sourcing /Users/melaneyzhu/.local/share/nvim/site/pack/packer/opt/nvim-treesitter/ftdetect/heex.vim
150.391  000.034  000.034: sourcing /Users/melaneyzhu/.local/share/nvim/site/pack/packer/opt/nvim-treesitter/ftdetect/json5.vim
150.495  000.032  000.032: sourcing /Users/melaneyzhu/.local/share/nvim/site/pack/packer/opt/nvim-treesitter/ftdetect/julia.vim
150.607  000.037  000.037: sourcing /Users/melaneyzhu/.local/share/nvim/site/pack/packer/opt/nvim-treesitter/ftdetect/ledger.vim
150.770  000.033  000.033: sourcing /Users/melaneyzhu/.local/share/nvim/site/pack/packer/opt/nvim-treesitter/ftdetect/nix.vim
150.885  000.037  000.037: sourcing /Users/melaneyzhu/.local/share/nvim/site/pack/packer/opt/nvim-treesitter/ftdetect/ql.vim
151.011  000.040  000.040: sourcing /Users/melaneyzhu/.local/share/nvim/site/pack/packer/opt/nvim-treesitter/ftdetect/query.vim
151.122  000.035  000.035: sourcing /Users/melaneyzhu/.local/share/nvim/site/pack/packer/opt/nvim-treesitter/ftdetect/surface.vim
151.226  000.032  000.032: sourcing /Users/melaneyzhu/.local/share/nvim/site/pack/packer/opt/nvim-treesitter/ftdetect/teal.vim
151.333  000.035  000.035: sourcing /Users/melaneyzhu/.local/share/nvim/site/pack/packer/opt/nvim-treesitter/ftdetect/tlaplus.vim
151.438  000.033  000.033: sourcing /Users/melaneyzhu/.local/share/nvim/site/pack/packer/opt/nvim-treesitter/ftdetect/yang.vim
151.543  000.034  000.034: sourcing /Users/melaneyzhu/.local/share/nvim/site/pack/packer/opt/nvim-treesitter/ftdetect/zig.vim
153.333  000.478  000.478: sourcing /Users/melaneyzhu/.local/share/nvim/site/pack/packer/opt/vim-surround/plugin/surround.vim
155.143  000.425  000.425: sourcing /usr/local/Cellar/neovim/0.5.1_1/share/nvim/runtime/scripts.vim
155.842  000.138  000.138: sourcing /Users/melaneyzhu/.local/share/nvim/site/pack/packer/opt/dashboard-nvim/autoload/dashboard.vim
156.786  000.380  000.380: sourcing /usr/local/Cellar/neovim/0.5.1_1/share/nvim/runtime/scripts.vim
157.530  010.387: BufEnter autocommands
157.533  000.003: editing files in windows
